
Implementation started at Mon Apr 21 15:24:17 -03 2025
Network: axone-dentrite-1
ISSUER_WALLET: doctai-issuer-wallet
ISSUER_ADDRESS: axone1l3tjnxllfmy4p3082vd388jp8j9m72ypeynm9y
ISSUER_DID: did:key:zQ3shN45CkRnjackWYwM191q2bNanAYeP1ZvxoAEPaV4ZpgZo
OBJECTARIUM_LABEL: my-objectarium
OBJECTARIUM_TX_HASH: 
OBJECTARIUM_ADDR: 

Implementation started at Mon Apr 21 16:13:46 -03 2025
Network: axone-dentrite-1
CODE_ID_DATAVERSE: 4
CODE_ID_COGNITARIUM: 3
CODE_ID_LAW_STONE: 2
CODE_ID_OBJECTARIUM: 1
ISSUER_WALLET: doctai-issuer-wallet
ISSUER_ADDRESS: axone1l3tjnxllfmy4p3082vd388jp8j9m72ypeynm9y
ISSUER_DID: did:key:zQ3shN45CkRnjackWYwM191q2bNanAYeP1ZvxoAEPaV4ZpgZo
ISSUER_ACCOUNT_NUMBER: 47013
ISSUER_SEQUENCE: 2
OBJECTARIUM_LABEL: my-objectarium
OBJECTARIUM_TX_HASH: ED98354CD0154268C72D5D924B84025AD3878C52A0A72628FD58288BA5AB6BB8
OBJECTARIUM_ADDR: axone1pnzsahkfp9h3gtwkuhsps6xjm5wz5885hpl27atvaqdn7e23vrdq6l8mre
DATAVERSE_LABEL: my-dataverse
DATAVERSE_TX_HASH: 1D4366B2EE0473F2E18C41C86907370AF63BF01FBB327D54C0F244B13246E9E0
DATAVERSE_ADDR: axone1eh2aulwsyc9m45ggeznav402xcck4ll0yn0xgtlxyf4zkwch7juqrvm87e
COGNITARIUM_ADDR: axone12phyprh8mz0w2kkzuacnzsdwtq4chna9fnul7mtuw5prknesjlgs3g4x5z
ZONE_WALLET: hearth-labs-wallet
ZONE_ADDRESS: axone1ukpvhk9jmgmqktmcph23eyr0q3pwae0tl86sqz
ZONE_DID: did:key:zQ3shmDoRRiFmNzwDrnV2iPdgA9xaoAYsSq8GC9tGHsNL4R7a
ZONE_DESCRIPTION_ID: 7642a2c7-d54b-4e4a-a57c-4cc76bdd5c25
ZONE_DESCRIPTION_TX_HASH: D885D5C587F6A20ACD5234F0BF97B78B8C9EF4630895DEE83C1B76C81FD80488
ZONES_GOV_ID: c7a4e6b9-41c0-4545-8ba0-7f753628b144
ZONES_GOV_SUBMIT_PROGRAM_TX_HASH: 9137B35C78FFF618DD4A8A6EDCF6CA7904FAB79292BC78C1423073C5649B041C
ZONES_GOV_ADDR: 
ZONES_GOV_ID: 2b4000c7-a153-476f-bcb4-a32e16787675
ZONES_GOV_SUBMIT_PROGRAM_TX_HASH: 33420955819983DC0103C313E2295B9987A4FC8B11DDB07B8762B8A6D8383A55
ZONES_GOV_ADDR: axone1k7s7clwgeycn6a5af476k6xytss9h9x6z7kdxql3u95fdn88kazs2js0hv
